<?xml version="1.0" encoding="UTF-8"?>
<!-- Generated by org.testng.reporters.JUnitXMLReporter -->
<testsuite ignored="0" hostname="LGB03000619" failures="0" tests="1" name="windows edge - no tags (all features)" time="3.002" errors="0" timestamp="11 Jul 2022 13:11:54 GMT">
  <testcase classname="selenium_tests.Runner" name="@BeforeClass setup" time="2.841">
    <failure type="io.github.bonigarcia.wdm.WebDriverManagerException" message="java.lang.IndexOutOfBoundsException: Index 0 out of bounds for length 0">
      <![CDATA[io.github.bonigarcia.wdm.WebDriverManagerException: java.lang.IndexOutOfBoundsException: Index 0 out of bounds for length 0
	at io.github.bonigarcia.wdm.WebDriverManager.handleException(WebDriverManager.java:470)
	at io.github.bonigarcia.wdm.WebDriverManager.manage(WebDriverManager.java:453)
	at io.github.bonigarcia.wdm.WebDriverManager.handleException(WebDriverManager.java:467)
	at io.github.bonigarcia.wdm.WebDriverManager.manage(WebDriverManager.java:453)
	at io.github.bonigarcia.wdm.WebDriverManager.setup(WebDriverManager.java:214)
	at selenium_tests.Webdriver_builder.set_driver_options(Webdriver_builder.java:247)
	at selenium_tests.Webdriver_builder.<init>(Webdriver_builder.java:145)
	at selenium_tests.Runner.setup(Runner.java:96)
	at java.base/java.util.concurrent.FutureTask.run(FutureTask.java:264)
	at java.base/java.util.concurrent.ThreadPoolExecutor.runWorker(ThreadPoolExecutor.java:1130)
	at java.base/java.util.concurrent.ThreadPoolExecutor$Worker.run(ThreadPoolExecutor.java:630)
	at java.base/java.lang.Thread.run(Thread.java:832)
Caused by: java.lang.IndexOutOfBoundsException: Index 0 out of bounds for length 0
	at java.base/jdk.internal.util.Preconditions.outOfBounds(Preconditions.java:64)
	at java.base/jdk.internal.util.Preconditions.outOfBoundsCheckIndex(Preconditions.java:70)
	at java.base/jdk.internal.util.Preconditions.checkIndex(Preconditions.java:248)
	at java.base/java.util.Objects.checkIndex(Objects.java:359)
	at java.base/java.util.ArrayList.remove(ArrayList.java:504)
	at io.github.bonigarcia.wdm.EdgeDriverManager.getDrivers(EdgeDriverManager.java:78)
	at io.github.bonigarcia.wdm.WebDriverManager.filterCandidateUrls(WebDriverManager.java:486)
	at io.github.bonigarcia.wdm.WebDriverManager.manage(WebDriverManager.java:438)
	... 26 more
... Removed 16 stack frames]]>
    </failure>
  </testcase> <!-- @BeforeClass setup -->
  <testcase classname="selenium_tests.Runner" name="@AfterClass tear_down" time="0.0">
    <failure type="java.lang.NullPointerException" message="Cannot invoke &amp;quot;cucumber.api.testng.TestNGCucumberRunner.finish()&amp;quot; because &amp;quot;this.testNGCucumberRunner&amp;quot; is null">
      <![CDATA[java.lang.NullPointerException: Cannot invoke "cucumber.api.testng.TestNGCucumberRunner.finish()" because "this.testNGCucumberRunner" is null
	at selenium_tests.Runner.tear_down(Runner.java:158)
	at java.base/java.util.concurrent.FutureTask.run(FutureTask.java:264)
	at java.base/java.util.concurrent.ThreadPoolExecutor.runWorker(ThreadPoolExecutor.java:1130)
	at java.base/java.util.concurrent.ThreadPoolExecutor$Worker.run(ThreadPoolExecutor.java:630)
	at java.base/java.lang.Thread.run(Thread.java:832)
... Removed 16 stack frames]]>
    </failure>
  </testcase> <!-- @AfterClass tear_down -->
  <testcase classname="selenium_tests.Runner" name="run_scenario" time="0.0">
    <skipped/>
  </testcase> <!-- run_scenario -->
</testsuite> <!-- windows edge - no tags (all features) -->
