<?xml version="1.0" encoding="UTF-8"?>
<!-- Generated by org.testng.reporters.JUnitXMLReporter -->
<testsuite ignored="0" hostname="LGB03000619" failures="0" tests="1" name="windows chrome - no tags (all features)" time="6.889" errors="0" timestamp="11 Jul 2022 13:11:58 GMT">
  <testcase classname="selenium_tests.Runner" name="@BeforeClass setup" time="6.851">
    <failure type="org.openqa.selenium.SessionNotCreatedException" message="session not created: This version of ChromeDriver only supports Chrome version 104
Current browser version is 103.0.5060.114 with binary path C:\Program Files (x86)\Google\Chrome\Application\chrome.exe
Build info: version: &amp;apos;3.12.0&amp;apos;, revision: &amp;apos;7c6e0b3&amp;apos;, time: &amp;apos;2018-05-08T14:04:26.12Z&amp;apos;
System info: host: &amp;apos;LGB03000619&amp;apos;, ip: &amp;apos;172.21.96.1&amp;apos;, os.name: &amp;apos;Windows 10&amp;apos;, os.arch: &amp;apos;amd64&amp;apos;, os.version: &amp;apos;10.0&amp;apos;, java.version: &amp;apos;15.0.1&amp;apos;
Driver info: driver.version: ChromeDriver
remote stacktrace: Backtrace:
	Ordinal0 [0x010D8823+2197539]
	Ordinal0 [0x01070911+1771793]
	Ordinal0 [0x00F83FE8+802792]
	Ordinal0 [0x00FA5B43+940867]
	Ordinal0 [0x00FA127F+922239]
	Ordinal0 [0x00F9EA51+911953]
	Ordinal0 [0x00FD2260+1122912]
	Ordinal0 [0x00FD1EBA+1121978]
	Ordinal0 [0x00FCD476+1102966]
	Ordinal0 [0x00FA7660+947808]
	Ordinal0 [0x00FA8556+951638]
	GetHandleVerifier [0x01381A32+2740578]
	GetHandleVerifier [0x01373776+2682534]
	GetHandleVerifier [0x0116307A+518058]
	GetHandleVerifier [0x01162196+514246]
	Ordinal0 [0x01077ADB+1800923]
	Ordinal0 [0x0107C2E8+1819368]
	Ordinal0 [0x0107C3D5+1819605]
	Ordinal0 [0x01085810+1857552]
	BaseThreadInitThunk [0x769EFA29+25]
	RtlGetAppContainerNamedObjectPath [0x76F77A9E+286]
	RtlGetAppContainerNamedObjectPath [0x76F77A6E+238]
">
      <![CDATA[org.openqa.selenium.SessionNotCreatedException: session not created: This version of ChromeDriver only supports Chrome version 104
Current browser version is 103.0.5060.114 with binary path C:\Program Files (x86)\Google\Chrome\Application\chrome.exe
Build info: version: '3.12.0', revision: '7c6e0b3', time: '2018-05-08T14:04:26.12Z'
System info: host: 'LGB03000619', ip: '172.21.96.1', os.name: 'Windows 10', os.arch: 'amd64', os.version: '10.0', java.version: '15.0.1'
Driver info: driver.version: ChromeDriver
remote stacktrace: Backtrace:
	Ordinal0 [0x010D8823+2197539]
	Ordinal0 [0x01070911+1771793]
	Ordinal0 [0x00F83FE8+802792]
	Ordinal0 [0x00FA5B43+940867]
	Ordinal0 [0x00FA127F+922239]
	Ordinal0 [0x00F9EA51+911953]
	Ordinal0 [0x00FD2260+1122912]
	Ordinal0 [0x00FD1EBA+1121978]
	Ordinal0 [0x00FCD476+1102966]
	Ordinal0 [0x00FA7660+947808]
	Ordinal0 [0x00FA8556+951638]
	GetHandleVerifier [0x01381A32+2740578]
	GetHandleVerifier [0x01373776+2682534]
	GetHandleVerifier [0x0116307A+518058]
	GetHandleVerifier [0x01162196+514246]
	Ordinal0 [0x01077ADB+1800923]
	Ordinal0 [0x0107C2E8+1819368]
	Ordinal0 [0x0107C3D5+1819605]
	Ordinal0 [0x01085810+1857552]
	BaseThreadInitThunk [0x769EFA29+25]
	RtlGetAppContainerNamedObjectPath [0x76F77A9E+286]
	RtlGetAppContainerNamedObjectPath [0x76F77A6E+238]

	at org.openqa.selenium.remote.W3CHandshakeResponse.lambda$new$0(W3CHandshakeResponse.java:57)
	at org.openqa.selenium.remote.W3CHandshakeResponse.lambda$getResponseFunction$2(W3CHandshakeResponse.java:104)
	at org.openqa.selenium.remote.ProtocolHandshake.lambda$createSession$0(ProtocolHandshake.java:123)
	at java.base/java.util.stream.ReferencePipeline$3$1.accept(ReferencePipeline.java:195)
	at java.base/java.util.Spliterators$ArraySpliterator.tryAdvance(Spliterators.java:958)
	at java.base/java.util.stream.ReferencePipeline.forEachWithCancel(ReferencePipeline.java:127)
	at java.base/java.util.stream.AbstractPipeline.copyIntoWithCancel(AbstractPipeline.java:502)
	at java.base/java.util.stream.AbstractPipeline.copyInto(AbstractPipeline.java:488)
	at java.base/java.util.stream.AbstractPipeline.wrapAndCopyInto(AbstractPipeline.java:474)
	at java.base/java.util.stream.FindOps$FindOp.evaluateSequential(FindOps.java:150)
	at java.base/java.util.stream.AbstractPipeline.evaluate(AbstractPipeline.java:234)
	at java.base/java.util.stream.ReferencePipeline.findFirst(ReferencePipeline.java:543)
	at org.openqa.selenium.remote.ProtocolHandshake.createSession(ProtocolHandshake.java:126)
	at org.openqa.selenium.remote.ProtocolHandshake.createSession(ProtocolHandshake.java:73)
	at org.openqa.selenium.remote.HttpCommandExecutor.execute(HttpCommandExecutor.java:136)
	at org.openqa.selenium.remote.service.DriverCommandExecutor.execute(DriverCommandExecutor.java:83)
	at org.openqa.selenium.remote.RemoteWebDriver.execute(RemoteWebDriver.java:543)
	at org.openqa.selenium.remote.RemoteWebDriver.startSession(RemoteWebDriver.java:207)
	at org.openqa.selenium.remote.RemoteWebDriver.<init>(RemoteWebDriver.java:130)
	at org.openqa.selenium.chrome.ChromeDriver.<init>(ChromeDriver.java:181)
	at org.openqa.selenium.chrome.ChromeDriver.<init>(ChromeDriver.java:168)
	at org.openqa.selenium.chrome.ChromeDriver.<init>(ChromeDriver.java:157)
	at selenium_tests.Webdriver_builder.<init>(Webdriver_builder.java:148)
	at selenium_tests.Runner.setup(Runner.java:96)
	at java.base/java.util.concurrent.FutureTask.run(FutureTask.java:264)
	at java.base/java.util.concurrent.ThreadPoolExecutor.runWorker(ThreadPoolExecutor.java:1130)
	at java.base/java.util.concurrent.ThreadPoolExecutor$Worker.run(ThreadPoolExecutor.java:630)
	at java.base/java.lang.Thread.run(Thread.java:832)
... Removed 21 stack frames]]>
    </failure>
  </testcase> <!-- @BeforeClass setup -->
  <testcase classname="selenium_tests.Runner" name="@AfterClass tear_down" time="0.0">
    <failure type="java.lang.NullPointerException" message="Cannot invoke &amp;quot;cucumber.api.testng.TestNGCucumberRunner.finish()&amp;quot; because &amp;quot;this.testNGCucumberRunner&amp;quot; is null">
      <![CDATA[java.lang.NullPointerException: Cannot invoke "cucumber.api.testng.TestNGCucumberRunner.finish()" because "this.testNGCucumberRunner" is null
	at selenium_tests.Runner.tear_down(Runner.java:158)
	at java.base/java.util.concurrent.FutureTask.run(FutureTask.java:264)
	at java.base/java.util.concurrent.ThreadPoolExecutor.runWorker(ThreadPoolExecutor.java:1130)
	at java.base/java.util.concurrent.ThreadPoolExecutor$Worker.run(ThreadPoolExecutor.java:630)
	at java.base/java.lang.Thread.run(Thread.java:832)
... Removed 16 stack frames]]>
    </failure>
  </testcase> <!-- @AfterClass tear_down -->
  <testcase classname="selenium_tests.Runner" name="run_scenario" time="0.0">
    <skipped/>
  </testcase> <!-- run_scenario -->
</testsuite> <!-- windows chrome - no tags (all features) -->
