<!DOCTYPE html PUBLIC "-//W3C//DTD XHTML 1.1//EN" "http://www.w3.org/TR/xhtml11/DTD/xhtml11.dtd">
<html xmlns="http://www.w3.org/1999/xhtml"><head><title>TestNG Report</title><style type="text/css">table {margin-bottom:10px;border-collapse:collapse;empty-cells:show}th,td {border:1px solid #009;padding:.25em .5em}th {vertical-align:bottom}td {vertical-align:top}table a {font-weight:bold}.stripe td {background-color: #E6EBF9}.num {text-align:right}.passedodd td {background-color: #3F3}.passedeven td {background-color: #0A0}.skippedodd td {background-color: #DDD}.skippedeven td {background-color: #CCC}.failedodd td,.attn {background-color: #F33}.failedeven td,.stripe .attn {background-color: #D00}.stacktrace {white-space:pre;font-family:monospace}.totop {font-size:85%;text-align:center;border-bottom:2px solid #000}</style></head><body><table><tr><th>Test</th><th># Passed</th><th># Skipped</th><th># Failed</th><th>Time (ms)</th><th>Included Groups</th><th>Excluded Groups</th></tr><tr><th colspan="7">Environment config tsts</th></tr><tr><td><a href="#t0">windows chrome - no tags (all features)</a></td><td class="num">0</td><td class="num attn">1</td><td class="num attn">1</td><td class="num">37,465</td><td></td><td></td></tr></table><table id='summary'><thead><tr><th>Class</th><th>Method</th><th>Start</th><th>Time (ms)</th></tr></thead><tbody><tr><th colspan="4">Environment config tsts</th></tr></tbody><tbody id="t0"><tr><th colspan="4">windows chrome - no tags (all features) &#8212; failed</th></tr><tr class="failedeven"><td rowspan="1">selenium_tests.Runner</td><td><a href="#m0">run_scenario</a></td><td rowspan="1">1657611772129</td><td rowspan="1">10614</td></tr><tr><th colspan="4">windows chrome - no tags (all features) &#8212; skipped</th></tr><tr class="skippedeven"><td rowspan="1">selenium_tests.Runner</td><td><a href="#m1">run_scenario</a></td><td rowspan="1">1657611782987</td><td rowspan="1">17089</td></tr></tbody></table><h2>windows chrome - no tags (all features)</h2><h3 id="m0">selenium_tests.Runner#run_scenario</h3><table class="result"><tr class="param"><th>Parameter #1</th><th>Parameter #2</th></tr><tr class="param stripe"><td>&quot;The user add 4 items into the basket&quot;</td><td>&quot;Cart&quot;</td></tr><tr><th colspan="2">Messages</th></tr><tr><td colspan="2"><div class="messages"><div "result">customer is on product page (PASSED : 0s)</div><br/><div "result">product page is accessible (PASSED : 1s)</div><br/><div "result">he added four items in the card (PASSED : 6s)</div><br/><div "result">he see 4 items in the cart (FAILED : 0s)</div></div></td></tr><tr><th colspan="2">Exception</th></tr><tr><td colspan="2"><div class="stacktrace">java.lang.AssertionError: expected [4] but found [0]
	at selenium_tests.feature_steps.addtocart_feature.he_see_items_in_the_cart(addtocart_feature.java:57)
	at ?.he see 4 items in the cart(src/test/resources/Features/AddtoCart.feature:9)
... Removed 6 stack frames</div></td></tr></table><p class="totop"><a href="#summary">back to summary</a></p><h3 id="m1">selenium_tests.Runner#run_scenario</h3><table class="result"><tr class="param"><th>Parameter #1</th><th>Parameter #2</th></tr><tr class="param stripe"><td>&quot;The user remove 1 items from the basket&quot;</td><td>&quot;Cart&quot;</td></tr><tr><th colspan="2">Messages</th></tr><tr><td colspan="2"><div class="messages"><div "result">customer is on product page (PASSED : 0s)</div><br/><div "result">product page is accessible (PASSED : 1s)</div><br/><div "result">he removed 1 items from the cart (FAILED : 15s)</div><br/><div "result">he see 3 items in the cart (SKIPPED)</div></div></td></tr><tr><th colspan="2">Exception</th></tr><tr><td colspan="2"><div class="stacktrace">org.openqa.selenium.TimeoutException: Expected condition failed: waiting for presence of element located by: By.xpath: //a[contains(text(),&apos;×&apos;)] (tried for 15 second(s) with 500 milliseconds interval)
	at org.openqa.selenium.support.ui.WebDriverWait.timeoutException(WebDriverWait.java:81)
	at org.openqa.selenium.support.ui.FluentWait.until(FluentWait.java:271)
	at selenium_tests.Webdriver_builder$Enhanced_selenium_methods.wait_element_exists(Webdriver_builder.java:548)
	at selenium_tests.Webdriver_builder$Enhanced_selenium_methods.click(Webdriver_builder.java:412)
	at selenium_tests.feature_steps.addtocart_feature.he_removed_items_from_the_cart(addtocart_feature.java:66)
	at ?.he removed 1 items from the cart(src/test/resources/Features/AddtoCart.feature:15)
Caused by: org.openqa.selenium.NoSuchElementException: Cannot locate an element using By.xpath: //a[contains(text(),&apos;×&apos;)]
For documentation on this error, please visit: http://seleniumhq.org/exceptions/no_such_element.html
Build info: version: &apos;3.12.0&apos;, revision: &apos;7c6e0b3&apos;, time: &apos;2018-05-08T14:04:26.12Z&apos;
System info: host: &apos;LGB03000619&apos;, ip: &apos;172.21.96.1&apos;, os.name: &apos;Windows 10&apos;, os.arch: &apos;amd64&apos;, os.version: &apos;10.0&apos;, java.version: &apos;15.0.1&apos;
Driver info: driver.version: unknown
	at org.openqa.selenium.support.ui.ExpectedConditions.lambda$findElement$0(ExpectedConditions.java:896)
	at java.base/java.util.Optional.orElseThrow(Optional.java:401)
	at org.openqa.selenium.support.ui.ExpectedConditions.findElement(ExpectedConditions.java:895)
	at org.openqa.selenium.support.ui.ExpectedConditions.access$000(ExpectedConditions.java:44)
	at org.openqa.selenium.support.ui.ExpectedConditions$6.apply(ExpectedConditions.java:183)
	at org.openqa.selenium.support.ui.ExpectedConditions$6.apply(ExpectedConditions.java:180)
	at org.openqa.selenium.support.ui.FluentWait.until(FluentWait.java:248)
	at selenium_tests.Webdriver_builder$Enhanced_selenium_methods.wait_element_exists(Webdriver_builder.java:548)
	at selenium_tests.Webdriver_builder$Enhanced_selenium_methods.click(Webdriver_builder.java:412)
	at selenium_tests.feature_steps.addtocart_feature.he_removed_items_from_the_cart(addtocart_feature.java:66)
	at cucumber.runtime.Utils$1.call(Utils.java:26)
	at cucumber.runtime.Timeout.timeout(Timeout.java:16)
	at cucumber.runtime.Utils.invoke(Utils.java:20)
	at cucumber.runtime.java.JavaStepDefinition.execute(JavaStepDefinition.java:48)
	at cucumber.runtime.PickleStepDefinitionMatch.runStep(PickleStepDefinitionMatch.java:50)
	at cucumber.runner.TestStep.executeStep(TestStep.java:55)
	at cucumber.runner.TestStep.run(TestStep.java:42)
	at cucumber.runner.PickleStepTestStep.run(PickleStepTestStep.java:53)
	at cucumber.runner.TestCase.run(TestCase.java:47)
	at cucumber.runner.Runner.runPickle(Runner.java:44)
	at cucumber.api.testng.TestNGCucumberRunner.runScenario(TestNGCucumberRunner.java:56)
	at selenium_tests.Runner.run_scenario(Runner.java:149)
	at java.base/java.util.concurrent.FutureTask.run(FutureTask.java:264)
	at java.base/java.util.concurrent.ThreadPoolExecutor.runWorker(ThreadPoolExecutor.java:1130)
	at java.base/java.util.concurrent.ThreadPoolExecutor$Worker.run(ThreadPoolExecutor.java:630)
	at java.base/java.lang.Thread.run(Thread.java:832)
... Removed 20 stack frames</div></td></tr></table><p class="totop"><a href="#summary">back to summary</a></p></body></html>