<!DOCTYPE html>

<html>
  <head>
  <meta charset='utf-8'>
  <title>TestNG reports</title>

    <link type="text/css" href="testng-reports.css" rel="stylesheet" />
    <script type="text/javascript" src="jquery-1.7.1.min.js"></script>
    <script type="text/javascript" src="testng-reports.js"></script>
    <script type="text/javascript" src="https://www.google.com/jsapi"></script>
    <script type='text/javascript'>
      google.load('visualization', '1', {packages:['table']});
      google.setOnLoadCallback(drawTable);
      var suiteTableInitFunctions = new Array();
      var suiteTableData = new Array();
    </script>
    <!--
      <script type="text/javascript" src="jquery-ui/js/jquery-ui-1.8.16.custom.min.js"></script>
     -->
  </head>

  <body>
    <div class="top-banner-root">
      <span class="top-banner-title-font">Test results</span>
      <br/>
      <span class="top-banner-font-1">1 suite, 1 failed test</span>
    </div> <!-- top-banner-root -->
    <div class="navigator-root">
      <div class="navigator-suite-header">
        <span>All suites</span>
        <a href="#" title="Collapse/expand all the suites" class="collapse-all-link">
          <img src="collapseall.gif" class="collapse-all-icon">
          </img> <!-- collapse-all-icon -->
        </a> <!-- collapse-all-link -->
      </div> <!-- navigator-suite-header -->
      <div class="suite">
        <div class="rounded-window">
          <div class="suite-header light-rounded-window-top">
            <a href="#" panel-name="suite-Environment_config_tsts" class="navigator-link">
              <span class="suite-name border-failed">Environment config tsts</span>
            </a> <!-- navigator-link -->
          </div> <!-- suite-header light-rounded-window-top -->
          <div class="navigator-suite-content">
            <div class="suite-section-title">
              <span>Info</span>
            </div> <!-- suite-section-title -->
            <div class="suite-section-content">
              <ul>
                <li>
                  <a href="#" panel-name="test-xml-Environment_config_tsts" class="navigator-link ">
                    <span>C:\AGI\QualiFramework\environment_configurations_to_test.xml</span>
                  </a> <!-- navigator-link  -->
                </li>
                <li>
                  <a href="#" panel-name="testlist-Environment_config_tsts" class="navigator-link ">
                    <span class="test-stats">1 test</span>
                  </a> <!-- navigator-link  -->
                </li>
                <li>
                  <a href="#" panel-name="group-Environment_config_tsts" class="navigator-link ">
                    <span>1 group</span>
                  </a> <!-- navigator-link  -->
                </li>
                <li>
                  <a href="#" panel-name="times-Environment_config_tsts" class="navigator-link ">
                    <span>Times</span>
                  </a> <!-- navigator-link  -->
                </li>
                <li>
                  <a href="#" panel-name="reporter-Environment_config_tsts" class="navigator-link ">
                    <span>Reporter output</span>
                  </a> <!-- navigator-link  -->
                </li>
                <li>
                  <a href="#" panel-name="ignored-methods-Environment_config_tsts" class="navigator-link ">
                    <span>Ignored methods</span>
                  </a> <!-- navigator-link  -->
                </li>
                <li>
                  <a href="#" panel-name="chronological-Environment_config_tsts" class="navigator-link ">
                    <span>Chronological view</span>
                  </a> <!-- navigator-link  -->
                </li>
              </ul>
            </div> <!-- suite-section-content -->
            <div class="result-section">
              <div class="suite-section-title">
                <span>Results</span>
              </div> <!-- suite-section-title -->
              <div class="suite-section-content">
                <ul>
                  <li>
                    <span class="method-stats">2 methods, 1 failed,  1 skipped,  </span>
                  </li>
                  <li>
                    <span class="method-list-title failed">Failed methods</span>
                    <span class="show-or-hide-methods failed">
                      <a href="#" panel-name="suite-Environment_config_tsts" class="hide-methods failed suite-Environment_config_tsts"> (hide)</a> <!-- hide-methods failed suite-Environment_config_tsts -->
                      <a href="#" panel-name="suite-Environment_config_tsts" class="show-methods failed suite-Environment_config_tsts"> (show)</a> <!-- show-methods failed suite-Environment_config_tsts -->
                    </span>
                    <div class="method-list-content failed suite-Environment_config_tsts">
                      <span>
                        <img src="failed.png" width="3%"/>
                        <a href="#" panel-name="suite-Environment_config_tsts" title="selenium_tests.Runner" class="method navigator-link" hash-for-method="run_scenario(&quot;The user add 4 items into the basket&quot;, &quot;Cart&quot;)">run_scenario("The user add 4 items into the basket", "Cart")</a> <!-- method navigator-link -->
                      </span>
                      <br/>
                    </div> <!-- method-list-content failed suite-Environment_config_tsts -->
                  </li>
                  <li>
                    <span class="method-list-title skipped">Skipped methods</span>
                    <span class="show-or-hide-methods skipped">
                      <a href="#" panel-name="suite-Environment_config_tsts" class="hide-methods skipped suite-Environment_config_tsts"> (hide)</a> <!-- hide-methods skipped suite-Environment_config_tsts -->
                      <a href="#" panel-name="suite-Environment_config_tsts" class="show-methods skipped suite-Environment_config_tsts"> (show)</a> <!-- show-methods skipped suite-Environment_config_tsts -->
                    </span>
                    <div class="method-list-content skipped suite-Environment_config_tsts">
                      <span>
                        <img src="skipped.png" width="3%"/>
                        <a href="#" panel-name="suite-Environment_config_tsts" title="selenium_tests.Runner" class="method navigator-link" hash-for-method="run_scenario(&quot;The user remove 1 items from the basket&quot;, &quot;Cart&quot;)">run_scenario("The user remove 1 items from the basket", "Cart")</a> <!-- method navigator-link -->
                      </span>
                      <br/>
                    </div> <!-- method-list-content skipped suite-Environment_config_tsts -->
                  </li>
                </ul>
              </div> <!-- suite-section-content -->
            </div> <!-- result-section -->
          </div> <!-- navigator-suite-content -->
        </div> <!-- rounded-window -->
      </div> <!-- suite -->
    </div> <!-- navigator-root -->
    <div class="wrapper">
      <div class="main-panel-root">
        <div panel-name="suite-Environment_config_tsts" class="panel Environment_config_tsts">
          <div class="suite-Environment_config_tsts-class-failed">
            <div class="main-panel-header rounded-window-top">
              <img src="failed.png"/>
              <span class="class-name">selenium_tests.Runner</span>
            </div> <!-- main-panel-header rounded-window-top -->
            <div class="main-panel-content rounded-window-bottom">
              <div class="method">
                <div class="method-content">
                  <a name="run_scenario(&quot;The user add 4 items into the basket&quot;, &quot;Cart&quot;)">
                  </a> <!-- run_scenario("The user add 4 items into the basket", "Cart") -->
                  <span class="method-name">run_scenario</span>
                  <span class="parameters">("The user add 4 items into the basket", "Cart")</span>
                  <div class="stack-trace">java.lang.AssertionError: expected [4] but found [0]
	at selenium_tests.feature_steps.addtocart_feature.he_see_items_in_the_cart(addtocart_feature.java:57)
	at ✽.he see 4 items in the cart(src/test/resources/Features/AddtoCart.feature:9)
... Removed 6 stack frames
</div> <!-- stack-trace -->
                  <em>
(Runs Cucumber Scenarios)                  </em>
                </div> <!-- method-content -->
              </div> <!-- method -->
            </div> <!-- main-panel-content rounded-window-bottom -->
          </div> <!-- suite-Environment_config_tsts-class-failed -->
          <div class="suite-Environment_config_tsts-class-skipped">
            <div class="main-panel-header rounded-window-top">
              <img src="skipped.png"/>
              <span class="class-name">selenium_tests.Runner</span>
            </div> <!-- main-panel-header rounded-window-top -->
            <div class="main-panel-content rounded-window-bottom">
              <div class="method">
                <div class="method-content">
                  <a name="run_scenario(&quot;The user remove 1 items from the basket&quot;, &quot;Cart&quot;)">
                  </a> <!-- run_scenario("The user remove 1 items from the basket", "Cart") -->
                  <span class="method-name">run_scenario</span>
                  <span class="parameters">("The user remove 1 items from the basket", "Cart")</span>
                  <div class="stack-trace">org.openqa.selenium.TimeoutException: Expected condition failed: waiting for presence of element located by: By.xpath: //a[contains(text(),&apos;×&apos;)] (tried for 15 second(s) with 500 milliseconds interval)
	at org.openqa.selenium.support.ui.WebDriverWait.timeoutException(WebDriverWait.java:81)
	at org.openqa.selenium.support.ui.FluentWait.until(FluentWait.java:271)
	at selenium_tests.Webdriver_builder$Enhanced_selenium_methods.wait_element_exists(Webdriver_builder.java:548)
	at selenium_tests.Webdriver_builder$Enhanced_selenium_methods.click(Webdriver_builder.java:412)
	at selenium_tests.feature_steps.addtocart_feature.he_removed_items_from_the_cart(addtocart_feature.java:66)
	at ✽.he removed 1 items from the cart(src/test/resources/Features/AddtoCart.feature:15)
Caused by: org.openqa.selenium.NoSuchElementException: Cannot locate an element using By.xpath: //a[contains(text(),&apos;×&apos;)]
For documentation on this error, please visit: http://seleniumhq.org/exceptions/no_such_element.html
Build info: version: &apos;3.12.0&apos;, revision: &apos;7c6e0b3&apos;, time: &apos;2018-05-08T14:04:26.12Z&apos;
System info: host: &apos;LGB03000619&apos;, ip: &apos;172.21.96.1&apos;, os.name: &apos;Windows 10&apos;, os.arch: &apos;amd64&apos;, os.version: &apos;10.0&apos;, java.version: &apos;15.0.1&apos;
Driver info: driver.version: unknown
	at org.openqa.selenium.support.ui.ExpectedConditions.lambda$findElement$0(ExpectedConditions.java:896)
	at java.base/java.util.Optional.orElseThrow(Optional.java:401)
	at org.openqa.selenium.support.ui.ExpectedConditions.findElement(ExpectedConditions.java:895)
	at org.openqa.selenium.support.ui.ExpectedConditions.access$000(ExpectedConditions.java:44)
	at org.openqa.selenium.support.ui.ExpectedConditions$6.apply(ExpectedConditions.java:183)
	at org.openqa.selenium.support.ui.ExpectedConditions$6.apply(ExpectedConditions.java:180)
	at org.openqa.selenium.support.ui.FluentWait.until(FluentWait.java:248)
	at selenium_tests.Webdriver_builder$Enhanced_selenium_methods.wait_element_exists(Webdriver_builder.java:548)
	at selenium_tests.Webdriver_builder$Enhanced_selenium_methods.click(Webdriver_builder.java:412)
	at selenium_tests.feature_steps.addtocart_feature.he_removed_items_from_the_cart(addtocart_feature.java:66)
	at cucumber.runtime.Utils$1.call(Utils.java:26)
	at cucumber.runtime.Timeout.timeout(Timeout.java:16)
	at cucumber.runtime.Utils.invoke(Utils.java:20)
	at cucumber.runtime.java.JavaStepDefinition.execute(JavaStepDefinition.java:48)
	at cucumber.runtime.PickleStepDefinitionMatch.runStep(PickleStepDefinitionMatch.java:50)
	at cucumber.runner.TestStep.executeStep(TestStep.java:55)
	at cucumber.runner.TestStep.run(TestStep.java:42)
	at cucumber.runner.PickleStepTestStep.run(PickleStepTestStep.java:53)
	at cucumber.runner.TestCase.run(TestCase.java:47)
	at cucumber.runner.Runner.runPickle(Runner.java:44)
	at cucumber.api.testng.TestNGCucumberRunner.runScenario(TestNGCucumberRunner.java:56)
	at selenium_tests.Runner.run_scenario(Runner.java:149)
	at java.base/java.util.concurrent.FutureTask.run(FutureTask.java:264)
	at java.base/java.util.concurrent.ThreadPoolExecutor.runWorker(ThreadPoolExecutor.java:1130)
	at java.base/java.util.concurrent.ThreadPoolExecutor$Worker.run(ThreadPoolExecutor.java:630)
	at java.base/java.lang.Thread.run(Thread.java:832)
... Removed 20 stack frames
</div> <!-- stack-trace -->
                  <em>
(Runs Cucumber Scenarios)                  </em>
                </div> <!-- method-content -->
              </div> <!-- method -->
            </div> <!-- main-panel-content rounded-window-bottom -->
          </div> <!-- suite-Environment_config_tsts-class-skipped -->
        </div> <!-- panel Environment_config_tsts -->
        <div panel-name="test-xml-Environment_config_tsts" class="panel">
          <div class="main-panel-header rounded-window-top">
            <span class="header-content">C:\AGI\QualiFramework\environment_configurations_to_test.xml</span>
          </div> <!-- main-panel-header rounded-window-top -->
          <div class="main-panel-content rounded-window-bottom">
            <pre>
&lt;?xml version=&quot;1.0&quot; encoding=&quot;UTF-8&quot;?&gt;
&lt;!DOCTYPE suite SYSTEM &quot;http://testng.org/testng-1.0.dtd&quot;&gt;
&lt;suite thread-count=&quot;10&quot; parallel=&quot;tests&quot; name=&quot;Environment config tsts&quot; guice-stage=&quot;DEVELOPMENT&quot; verbose=&quot;0&quot;&gt;
  &lt;listeners&gt;
    &lt;listener class-name=&quot;selenium_tests.Listeners&quot;/&gt;
  &lt;/listeners&gt;
  &lt;test name=&quot;windows chrome - no tags (all features)&quot;&gt;
    &lt;parameter name=&quot;browser&quot; value=&quot;chrome&quot;/&gt;
    &lt;parameter name=&quot;operating_system&quot; value=&quot;windows&quot;/&gt;
    &lt;classes&gt;
      &lt;class name=&quot;selenium_tests.Runner&quot;/&gt;
    &lt;/classes&gt;
  &lt;/test&gt; &lt;!-- windows chrome - no tags (all features) --&gt;
&lt;/suite&gt; &lt;!-- Environment config tsts --&gt;
            </pre>
          </div> <!-- main-panel-content rounded-window-bottom -->
        </div> <!-- panel -->
        <div panel-name="testlist-Environment_config_tsts" class="panel">
          <div class="main-panel-header rounded-window-top">
            <span class="header-content">Tests for Environment config tsts</span>
          </div> <!-- main-panel-header rounded-window-top -->
          <div class="main-panel-content rounded-window-bottom">
            <ul>
              <li>
                <span class="test-name">windows chrome - no tags (all features) (1 class)</span>
              </li>
            </ul>
          </div> <!-- main-panel-content rounded-window-bottom -->
        </div> <!-- panel -->
        <div panel-name="group-Environment_config_tsts" class="panel">
          <div class="main-panel-header rounded-window-top">
            <span class="header-content">Groups for Environment config tsts</span>
          </div> <!-- main-panel-header rounded-window-top -->
          <div class="main-panel-content rounded-window-bottom">
            <div class="test-group">
              <span class="test-group-name">cucumber</span>
              <br/>
              <div class="method-in-group">
                <span class="method-in-group-name">run_scenario</span>
                <br/>
              </div> <!-- method-in-group -->
            </div> <!-- test-group -->
          </div> <!-- main-panel-content rounded-window-bottom -->
        </div> <!-- panel -->
        <div panel-name="times-Environment_config_tsts" class="panel">
          <div class="main-panel-header rounded-window-top">
            <span class="header-content">Times for Environment config tsts</span>
          </div> <!-- main-panel-header rounded-window-top -->
          <div class="main-panel-content rounded-window-bottom">
            <div class="times-div">
              <script type="text/javascript">
suiteTableInitFunctions.push('tableData_Environment_config_tsts');
function tableData_Environment_config_tsts() {
var data = new google.visualization.DataTable();
data.addColumn('number', 'Number');
data.addColumn('string', 'Method');
data.addColumn('string', 'Class');
data.addColumn('number', 'Time (ms)');
data.addRows(2);
data.setCell(0, 0, 0)
data.setCell(0, 1, 'run_scenario')
data.setCell(0, 2, 'selenium_tests.Runner')
data.setCell(0, 3, 17089);
data.setCell(1, 0, 1)
data.setCell(1, 1, 'run_scenario')
data.setCell(1, 2, 'selenium_tests.Runner')
data.setCell(1, 3, 10614);
window.suiteTableData['Environment_config_tsts']= { tableData: data, tableDiv: 'times-div-Environment_config_tsts'}
return data;
}
              </script>
              <span class="suite-total-time">Total running time: 27 seconds</span>
              <div id="times-div-Environment_config_tsts">
              </div> <!-- times-div-Environment_config_tsts -->
            </div> <!-- times-div -->
          </div> <!-- main-panel-content rounded-window-bottom -->
        </div> <!-- panel -->
        <div panel-name="reporter-Environment_config_tsts" class="panel">
          <div class="main-panel-header rounded-window-top">
            <span class="header-content">Reporter output for Environment config tsts</span>
          </div> <!-- main-panel-header rounded-window-top -->
          <div class="main-panel-content rounded-window-bottom">
            <div class="reporter-method-div">
              <span class="reporter-method-name">run_scenario("The user add 4 items into the basket", "Cart")</span>
              <div class="reporter-method-output-div">
                <span class="reporter-method-output"><div "result">customer is on product page (PASSED : 0s)</div></span>
                <span class="reporter-method-output"><div "result">product page is accessible (PASSED : 1s)</div></span>
                <span class="reporter-method-output"><div "result">he added four items in the card (PASSED : 6s)</div></span>
                <span class="reporter-method-output"><div "result">he see 4 items in the cart (FAILED : 0s)</div></span>
              </div> <!-- reporter-method-output-div -->
            </div> <!-- reporter-method-div -->
            <div class="reporter-method-div">
              <span class="reporter-method-name">run_scenario("The user remove 1 items from the basket", "Cart")</span>
              <div class="reporter-method-output-div">
                <span class="reporter-method-output"><div "result">customer is on product page (PASSED : 0s)</div></span>
                <span class="reporter-method-output"><div "result">product page is accessible (PASSED : 1s)</div></span>
                <span class="reporter-method-output"><div "result">he removed 1 items from the cart (FAILED : 15s)</div></span>
                <span class="reporter-method-output"><div "result">he see 3 items in the cart (SKIPPED)</div></span>
              </div> <!-- reporter-method-output-div -->
            </div> <!-- reporter-method-div -->
          </div> <!-- main-panel-content rounded-window-bottom -->
        </div> <!-- panel -->
        <div panel-name="ignored-methods-Environment_config_tsts" class="panel">
          <div class="main-panel-header rounded-window-top">
            <span class="header-content">0 ignored methods</span>
          </div> <!-- main-panel-header rounded-window-top -->
          <div class="main-panel-content rounded-window-bottom">
          </div> <!-- main-panel-content rounded-window-bottom -->
        </div> <!-- panel -->
        <div panel-name="chronological-Environment_config_tsts" class="panel">
          <div class="main-panel-header rounded-window-top">
            <span class="header-content">Methods in chronological order</span>
          </div> <!-- main-panel-header rounded-window-top -->
          <div class="main-panel-content rounded-window-bottom">
            <div class="chronological-class">
              <div class="chronological-class-name">selenium_tests.Runner</div> <!-- chronological-class-name -->
              <div class="configuration-class before">
                <span class="method-name">setup(, windows, chrome, )</span>
                <span class="method-start">0 ms</span>
              </div> <!-- configuration-class before -->
              <div class="test-method">
                <img src="failed.png">
                </img>
                <span class="method-name">run_scenario("The user add 4 items into the basket", "Cart")</span>
                <span class="method-start">5683 ms</span>
              </div> <!-- test-method -->
              <div class="test-method">
                <span class="method-name">run_scenario("The user remove 1 items from the basket", "Cart")</span>
                <span class="method-start">16541 ms</span>
              </div> <!-- test-method -->
              <div class="configuration-class after">
                <span class="method-name">tear_down</span>
                <span class="method-start">33839 ms</span>
              </div> <!-- configuration-class after -->
          </div> <!-- main-panel-content rounded-window-bottom -->
        </div> <!-- panel -->
      </div> <!-- main-panel-root -->
    </div> <!-- wrapper -->
  </body>
</html>
