-------------------------------------------------------------------------------
Test set: TestSuite
-------------------------------------------------------------------------------
Tests run: 2, Failures: 1, Errors: 0, Skipped: 1, Time elapsed: 38.288 s <<< FAILURE! - in TestSuite
run_scenario(selenium_tests.Runner)  Time elapsed: 8.322 s  <<< FAILURE!
java.lang.AssertionError: expected [4] but found [0]

