<?xml version="1.0" encoding="UTF-8"?>
<!-- Generated by org.testng.reporters.JUnitXMLReporter -->
<testsuite ignored="0" hostname="LGB03000619" failures="1" tests="2" name="windows chrome - no tags (all features)" time="37.465" errors="0" timestamp="12 Jul 2022 07:43:23 GMT">
  <testcase classname="selenium_tests.Runner" name="run_scenario" time="10.614">
    <failure type="java.lang.AssertionError" message="expected [4] but found [0]">
      <![CDATA[java.lang.AssertionError: expected [4] but found [0]
	at selenium_tests.feature_steps.addtocart_feature.he_see_items_in_the_cart(addtocart_feature.java:57)
	at âœ½.he see 4 items in the cart(src/test/resources/Features/AddtoCart.feature:9)
... Removed 6 stack frames]]>
    </failure>
  </testcase> <!-- run_scenario -->
  <testcase classname="selenium_tests.Runner" name="run_scenario" time="17.089">
    <skipped/>
  </testcase> <!-- run_scenario -->
</testsuite> <!-- windows chrome - no tags (all features) -->
